=== exercice-0068-data.tex ===
Overfull \hbox (63.09204pt too wide) in paragraph at lines 67--31

=== exercice-0087-data.tex ===
Overfull \hbox (2.05554pt too wide) in paragraph at lines 10--16

=== exercice-0088-data.tex ===
Overfull \hbox (17.05554pt too wide) in paragraph at lines 17--10

=== exercice-0118-data.tex ===
Overfull \hbox (2.231pt too wide) in paragraph at lines 10--12
Overfull \hbox (2.231pt too wide) in paragraph at lines 10--12
Overfull \hbox (297.65158pt too wide) in paragraph at lines 10--12

=== exercice-0120-data.tex ===
Overfull \hbox (2.22221pt too wide) in paragraph at lines 10--13

=== exercice-0121-data.tex ===
Overfull \hbox (2.22221pt too wide) in paragraph at lines 10--13

=== exercice-0127-data.tex ===
Overfull \hbox (122.15762pt too wide) in paragraph at lines 10--11
Overfull \hbox (228.34465pt too wide) in paragraph at lines 10--11

=== exercice-0135-data.tex ===
Underfull \hbox (badness 2173) in paragraph at lines 24--25

=== exercice-0137-data.tex ===
Overfull \hbox (182.14296pt too wide) in paragraph at lines 10--14

=== exercice-0143-data.tex ===
Overfull \hbox (0.99994pt too wide) in paragraph at lines 20--20
Overfull \hbox (0.99994pt too wide) in paragraph at lines 20--20
Overfull \hbox (0.99994pt too wide) in paragraph at lines 20--20
Overfull \hbox (0.99994pt too wide) in paragraph at lines 20--20
Overfull \hbox (0.99994pt too wide) in paragraph at lines 20--20
Overfull \hbox (0.99994pt too wide) in paragraph at lines 20--20
Overfull \hbox (0.99994pt too wide) in paragraph at lines 20--20
Overfull \hbox (0.99994pt too wide) in paragraph at lines 20--20
Overfull \hbox (0.99994pt too wide) in paragraph at lines 20--20
Overfull \hbox (0.99994pt too wide) in paragraph at lines 20--20
Overfull \hbox (0.99994pt too wide) in paragraph at lines 20--20
Overfull \hbox (0.99994pt too wide) in paragraph at lines 20--20
Overfull \hbox (0.99994pt too wide) in paragraph at lines 30--30
Overfull \hbox (0.99994pt too wide) in paragraph at lines 30--30
Overfull \hbox (0.99994pt too wide) in paragraph at lines 30--30
Overfull \hbox (0.99994pt too wide) in paragraph at lines 30--30
Overfull \hbox (0.99994pt too wide) in paragraph at lines 30--30
Overfull \hbox (0.99994pt too wide) in paragraph at lines 30--30
Overfull \hbox (0.99994pt too wide) in paragraph at lines 30--30
Overfull \hbox (0.99994pt too wide) in paragraph at lines 30--30
Overfull \hbox (0.99994pt too wide) in paragraph at lines 30--30
Overfull \hbox (0.99994pt too wide) in paragraph at lines 30--30
Overfull \hbox (0.99994pt too wide) in paragraph at lines 30--30
Overfull \hbox (0.99994pt too wide) in paragraph at lines 30--30
Overfull \hbox (0.99994pt too wide) in paragraph at lines 40--40
Overfull \hbox (0.99994pt too wide) in paragraph at lines 40--40
Overfull \hbox (0.99994pt too wide) in paragraph at lines 40--40
Overfull \hbox (0.99994pt too wide) in paragraph at lines 40--40
Overfull \hbox (0.99994pt too wide) in paragraph at lines 40--40
Overfull \hbox (0.99994pt too wide) in paragraph at lines 40--40
Overfull \hbox (0.99994pt too wide) in paragraph at lines 40--40
Overfull \hbox (0.99994pt too wide) in paragraph at lines 40--40

=== exercice-0170-data.tex ===
Overfull \hbox (8.38591pt too wide) in paragraph at lines 10--11

=== exercice-0173-data.tex ===
Overfull \hbox (7.41016pt too wide) in paragraph at lines 50--11

=== exercice-0190-data.tex ===
Overfull \hbox (29.19147pt too wide) in paragraph at lines 14--11

=== exercice-0193-data.tex ===
Overfull \hbox (1.46494pt too wide) in paragraph at lines 21--21
Overfull \hbox (1.52011pt too wide) in paragraph at lines 21--21
Overfull \hbox (1.46494pt too wide) in paragraph at lines 21--21
Overfull \hbox (1.52011pt too wide) in paragraph at lines 21--21

=== exercice-0205-data.tex ===
Underfull \hbox (badness 1048) in paragraph at lines 28--30

=== exercice-0218-data.tex ===
Overfull \hbox (1.96059pt too wide) in paragraph at lines 19--10

=== exercice-0219-data.tex ===
Underfull \hbox (badness 10000) detected at line 11
Underfull \hbox (badness 10000) detected at line 12

=== exercice-0267-data.tex ===
Overfull \hbox (262.07002pt too wide) in paragraph at lines 10--25

=== exercice-0279-data.tex ===
Overfull \hbox (14.99117pt too wide) in paragraph at lines 11--26

=== exercice-0282-data.tex ===
Overfull \hbox (14.99117pt too wide) in paragraph at lines 11--26

=== exercice-0285-data.tex ===
Overfull \hbox (5.40825pt too wide) in paragraph at lines 11--11

=== exercice-0291-data.tex ===
Overfull \hbox (169.07932pt too wide) in paragraph at lines 26--10
Overfull \hbox (135.60634pt too wide) in paragraph at lines 26--10

=== exercice-0331-data.tex ===
Overfull \hbox (383.9081pt too wide) in paragraph at lines 17--22

=== exercice-0335-data.tex ===
Underfull \hbox (badness 10000) in paragraph at lines 56--57

=== exercice-0358-data.tex ===
Overfull \hbox (114.83992pt too wide) in paragraph at lines 10--11
Overfull \hbox (133.72975pt too wide) in paragraph at lines 10--11
Underfull \hbox (badness 10000) in paragraph at lines 10--11

=== exercice-0365-data.tex ===
Overfull \hbox (114.66121pt too wide) in paragraph at lines 18--47
Overfull \hbox (231.38268pt too wide) in paragraph at lines 18--47
Overfull \hbox (79.48418pt too wide) in paragraph at lines 18--47

=== exercice-0366-data.tex ===
Underfull \hbox (badness 10000) detected at line 26
Underfull \hbox (badness 10000) detected at line 26
Underfull \hbox (badness 10000) detected at line 26
Underfull \hbox (badness 10000) detected at line 27
Underfull \hbox (badness 10000) detected at line 27
Underfull \hbox (badness 10000) detected at line 27

=== exercice-0391-data.tex ===
Underfull \hbox (badness 10000) in paragraph at lines 19--19
Underfull \hbox (badness 10000) in paragraph at lines 19--19
Underfull \hbox (badness 10000) in paragraph at lines 19--19
Underfull \hbox (badness 10000) in paragraph at lines 19--19

=== exercice-0392-data.tex ===
Underfull \hbox (badness 10000) in paragraph at lines 19--19
Underfull \hbox (badness 10000) in paragraph at lines 19--19
Underfull \hbox (badness 10000) in paragraph at lines 19--19
Underfull \hbox (badness 10000) in paragraph at lines 19--19

=== exercice-0393-data.tex ===
Underfull \hbox (badness 10000) in paragraph at lines 18--18
Underfull \hbox (badness 10000) in paragraph at lines 18--18
Underfull \hbox (badness 10000) in paragraph at lines 18--18
Underfull \hbox (badness 10000) in paragraph at lines 18--18

=== exercice-0422-data.tex ===
Underfull \hbox (badness 10000) detected at line 19
Underfull \hbox (badness 10000) detected at line 30

=== exercice-0435-data.tex ===
Overfull \hbox (82.35887pt too wide) in paragraph at lines 10--12

=== exercice-0442-data.tex ===
Overfull \hbox (71.31955pt too wide) in paragraph at lines 10--12

=== exercice-0455-data.tex ===
Overfull \hbox (2.23737pt too wide) in paragraph at lines 10--13

=== exercice-0461-data.tex ===
Overfull \hbox (88.23917pt too wide) in paragraph at lines 13--10

=== exercice-0463-data.tex ===
Overfull \hbox (101.19427pt too wide) in paragraph at lines 12--16

=== exercice-0477-data.tex ===
Overfull \hbox (27.92253pt too wide) in paragraph at lines 10--12

=== exercice-0491-data.tex ===
Overfull \hbox (17.22221pt too wide) in paragraph at lines 11--11

=== exercice-0501-data.tex ===
Overfull \hbox (109.67622pt too wide) in paragraph at lines 11--27

=== exercice-0514-data.tex ===
Overfull \hbox (194.25534pt too wide) in paragraph at lines 21--12
Overfull \hbox (68.8607pt too wide) in paragraph at lines 21--12

=== exercice-0538-data.tex ===
Overfull \hbox (200.84792pt too wide) in paragraph at lines 10--13

=== exercice-0601-data.tex ===
Overfull \hbox (18.7559pt too wide) in paragraph at lines 10--10
Overfull \hbox (305.01958pt too wide) in paragraph at lines 10--10

=== exercice-0608-data.tex ===
Overfull \hbox (184.417pt too wide) in paragraph at lines 10--11
Overfull \hbox (86.66481pt too wide) in paragraph at lines 10--11

=== exercice-0615-data.tex ===
Overfull \hbox (329.22343pt too wide) in paragraph at lines 10--12

=== exercice-0630-data.tex ===
Overfull \hbox (347.59128pt too wide) in paragraph at lines 10--10
Overfull \hbox (179.0029pt too wide) in paragraph at lines 10--10

=== exercice-0656-data.tex ===
Underfull \hbox (badness 10000) in paragraph at lines 11--11

=== exercice-0665-data.tex ===
Overfull \hbox (1.77776pt too wide) in paragraph at lines 21--21
Overfull \hbox (1.77776pt too wide) in paragraph at lines 21--21

=== exercice-0685-data.tex ===
pdfTeX warning: \pdfdraftmode enabled, not changing output pdf

