IMPRESS LOG FILE
2026-03-01-19:31:48||TOSHIBA 3528A||3e-Ch6-DSAB||12x
2026-03-01-19:35:22||TOSHIBA 3528A||3e-Ch6-DSAB||12x
2026-03-13-14:20:41||Microsoft XPS Document Writer||3e-Ch7-A1||1x
2026-03-13-15:20:59||Microsoft XPS Document Writer||3e-Ch7-E1||1x
2026-03-13-15:21:14||Microsoft XPS Document Writer||3e-Ch7-A1||1x
2026-03-13-15:21:33||Microsoft XPS Document Writer||3e-Ch7-A2||1x
2026-03-13-15:21:43||Microsoft XPS Document Writer||3e-Ch7-A2||1x
2026-03-13-15:23:46||EPSON4EF3F8 (ET-4750 Series)||3e-Ch7-E1||1x
2026-03-13-15:25:26||EPSON4EF3F8 (ET-4750 Series)||3e-Ch7-A1||1x
2026-03-15-17:58:08||3e-Ch7-E1||Microsoft XPS Document Writer||1x
2026-03-15-18:02:48||3e-Ch7-A1||EPSON4EF3F8 (ET-4750 Series)||scale:98
2026-03-15-18:03:51||3e-Ch7-E1||EPSON4EF3F8 (ET-4750 Series)||scale:98
2026-03-15-18:07:20||3e-Ch7-E1||EPSON4EF3F8 (ET-4750 Series)||noscale
2026-03-15-18:07:41||3e-Ch7-E1||EPSON4EF3F8 (ET-4750 Series)||shrink
2026-03-15-18:12:15||3e-Ch7-E1||EPSON4EF3F8 (ET-4750 Series)||monochrome
2026-03-15-20:59:50||3e-Ch7-E3||Microsoft XPS Document Writer||1x
2026-03-15-21:00:20||3e-Ch7-E4||Microsoft XPS Document Writer||1x
2026-03-16-09:18:15||3e-Ch6-E11||TOSHIBA 3528A||24x
2026-03-16-11:15:35||3e-Ch7-E1||TOSHIBA 3528A||13x
2026-03-16-11:15:40||3e-Ch7-E2||TOSHIBA 3528A||13x
2026-03-16-11:15:48||3e-Ch7-A3||TOSHIBA 3528A||13x
2026-03-16-11:20:51||3e-Ch7-A2||TOSHIBA 3528A||13x
2026-03-18-08:19:48||TOSHIBA 3528A||5e-Ch7-E4||12x
2026-03-19-08:09:23||TOSHIBA 3528A||3e-Ch7-E3||13x
2026-03-19-08:12:40||TOSHIBA 3528A||3e-Ch7-E3||13x
2026-03-19-08:16:15||TOSHIBA 3528A||3e-Ch7-E3||13x
2026-03-23-13:38:33||TOSHIBA 3528A||5e-Ch7-E6||18x
2026-03-24-08:23:43||TOSHIBA 3528A||3e-Ch7-E2||12x
2026-03-25-08:08:06||TOSHIBA 3528A||5e-Ch7-E8||19x
2026-04-02-08:24:07||TOSHIBA 3528A||5e-Ch7-DSC||2x,duplexlong
2026-04-02-13:47:46||TOSHIBA 3528A||5e-Ch7-DSC||2x,duplexlong
2026-04-09-10:08:53||TOSHIBA 3528A||5e-Ch8-E4||20x
2026-04-16-08:13:11||TOSHIBA 3528A||5e-Ch8-cours_exemple_1||12x
2026-05-05-12:42:50||5e-Ch9-cours||Microsoft XPS Document Writer||1x
2026-05-05-15:34:27||3e-Ch8-E4||TOSHIBA 3528A||1x
2026-05-05-15:35:12||3e-Ch8-E4||TOSHIBA 3528A||24x
2026-05-06-08:16:00||TOSHIBA 3528A||3e-Ch8-DSB||12x,duplexlong
2026-05-07-12:07:01||TOSHIBA 3528A||3e-Ch8-E4||22x
2026-05-11-08:39:58||TOSHIBA 3528A||3e-Ch9-A1||13x
2026-05-11-08:40:26||TOSHIBA 3528A||3e-Ch9-A1||13x
2026-05-11-11:15:25||TOSHIBA 3528A||3e-Ch9-A1||13x
2026-05-11-11:29:22||TOSHIBA 3528A||3e-Ch9-cours_exemple_1||8x
2026-05-11-11:29:57||TOSHIBA 3528A||3e-Ch9-cours_exemple_1||4x
2026-05-13-08:12:14||TOSHIBA 3528A||5e-Ch9-A1||12x
2026-05-13-08:12:26||TOSHIBA 3528A||5e-Ch9-A1||5x
2026-05-13-08:13:46||TOSHIBA 3528A||5e-Ch9-E1||25x
2026-05-19-16:01:00||TOSHIBA 3528A||5e-Ch8-DSB||7x
2026-05-20-08:07:38||TOSHIBA 3528A||5e-Ch8-DSC||8x,duplexlong
2026-05-20-08:09:08||TOSHIBA 3528A||5e-Ch8-DSC||8x,duplexlong
2026-05-20-08:09:54||TOSHIBA 3528A||5e-Ch8-DSC||8x,duplexlong
2026-05-20-08:15:30||TOSHIBA 3528A||5e-Ch8-A2||1x
2026-05-20-08:15:50||TOSHIBA 3528A||5e-Ch8-DSA||1x
2026-05-20-08:16:09||TOSHIBA 3528A||5e-Ch8-DSB||1x
