
FILE: exercices/exercice-0361-data.tex
--------------------------------------
[INFO] Underfull \hbox (badness 2158) in paragraph at lines 11--13
[INFO] Underfull \hbox (badness 1616) in paragraph at lines 11--13

FILE: exercices/exercice-0362-data.tex
--------------------------------------
[INFO] Underfull \hbox (badness 10000) in paragraph at lines 18--19
[INFO] Underfull \hbox (badness 10000) in paragraph at lines 18--19
[INFO] Underfull \hbox (badness 1533) in paragraph at lines 19--20
[INFO] Underfull \hbox (badness 10000) in paragraph at lines 20--21

FILE: exercices/exercice-0363-data.tex
--------------------------------------
[INFO] Underfull \hbox (badness 1082) in paragraph at lines 12--13
[INFO] Underfull \hbox (badness 10000) in paragraph at lines 19--20
[INFO] Underfull \hbox (badness 10000) in paragraph at lines 19--20

FILE: exercices/exercice-0364-data.tex
--------------------------------------
[INFO] Underfull \hbox (badness 2680) in paragraph at lines 11--12

FILE: exercices/exercice-0366-data.tex
--------------------------------------
[INFO] Underfull \hbox (badness 10000) detected at line 26
[INFO] Underfull \hbox (badness 10000) detected at line 26
[INFO] Underfull \hbox (badness 10000) detected at line 26
[INFO] Underfull \hbox (badness 10000) detected at line 27
[INFO] Underfull \hbox (badness 10000) detected at line 27
[INFO] Underfull \hbox (badness 10000) detected at line 27

FILE: exercices/exercice-0135-data.tex
--------------------------------------
[INFO] Overfull \hbox (11.23816pt too wide) in paragraph at lines 22--23
[INFO] Underfull \hbox (badness 1019) in paragraph at lines 30--31
[INFO] Underfull \hbox (badness 1043) in paragraph at lines 31--32
[INFO] Underfull \hbox (badness 1092) in paragraph at lines 32--33

FILE: exercices/exercice-0136-data.tex
--------------------------------------
[INFO] Underfull \hbox (badness 2080) in paragraph at lines 14--15
[INFO] Underfull \hbox (badness 2837) in paragraph at lines 16--17

FILE: exercices/exercice-0135-data.tex
--------------------------------------
[INFO] Overfull \hbox (11.23816pt too wide) in paragraph at lines 22--23
[INFO] Underfull \hbox (badness 1043) in paragraph at lines 30--31
[INFO] Underfull \hbox (badness 1867) in paragraph at lines 33--34
[INFO] Overfull \hbox (11.23816pt too wide) in paragraph at lines 22--23
[INFO] Underfull \hbox (badness 1067) in paragraph at lines 29--30
[INFO] Underfull \hbox (badness 1117) in paragraph at lines 31--32
[INFO] Overfull \hbox (11.23816pt too wide) in paragraph at lines 22--23
[INFO] Underfull \hbox (badness 2027) in paragraph at lines 29--30
[INFO] Underfull \hbox (badness 1975) in paragraph at lines 31--32

FILE: exercices/exercice-0151-data.tex
--------------------------------------
[INFO] Underfull \hbox (badness 2635) in paragraph at lines 15--17

FILE: exercices/exercice-0170-data.tex
--------------------------------------
[INFO] Underfull \hbox (badness 1490) in paragraph at lines 12--13

FILE: exercices/exercice-0173-data.tex
--------------------------------------
[INFO] Underfull \hbox (badness 10000) in paragraph at lines 50--130
[INFO] Underfull \hbox (badness 10000) in paragraph at lines 50--130

FILE: exercices/exercice-0171-data.tex
--------------------------------------
[INFO] Underfull \hbox (badness 1968) in paragraph at lines 11--13
[INFO] Underfull \hbox (badness 10000) in paragraph at lines 130--130

FILE: exercices/exercice-0173-data.tex
--------------------------------------
[INFO] Overfull \hbox (93.8641pt too wide) in paragraph at lines 50--130
[INFO] Overfull \hbox (97.23947pt too wide) in paragraph at lines 50--130
[INFO] Overfull \hbox (88.04355pt too wide) in paragraph at lines 50--130

FILE: enonces/definitions/fraction.tex
--------------------------------------
[INFO] Underfull \hbox (badness 1622) in paragraph at lines 19--19
[INFO] Underfull \hbox (badness 4001) in paragraph at lines 19--19
[INFO] Underfull \hbox (badness 2529) in paragraph at lines 19--19
[INFO] Underfull \hbox (badness 1622) in paragraph at lines 19--19
[INFO] Underfull \hbox (badness 1622) in paragraph at lines 19--19
[INFO] Underfull \hbox (badness 4001) in paragraph at lines 19--19
[INFO] Underfull \hbox (badness 2529) in paragraph at lines 19--19
[INFO] Underfull \hbox (badness 1622) in paragraph at lines 19--19
[INFO] Underfull \hbox (badness 4001) in paragraph at lines 19--19
[INFO] Underfull \hbox (badness 2529) in paragraph at lines 19--19
[INFO] Underfull \hbox (badness 1622) in paragraph at lines 19--19
[INFO] Underfull \hbox (badness 1622) in paragraph at lines 19--19
[INFO] Underfull \hbox (badness 4001) in paragraph at lines 19--19
[INFO] Underfull \hbox (badness 2529) in paragraph at lines 19--19
[INFO] Underfull \hbox (badness 1622) in paragraph at lines 19--19
[INFO] Underfull \hbox (badness 4001) in paragraph at lines 19--19
[INFO] Underfull \hbox (badness 2529) in paragraph at lines 19--19
[INFO] Underfull \hbox (badness 1622) in paragraph at lines 19--19
[INFO] Underfull \hbox (badness 1622) in paragraph at lines 19--19
[INFO] Underfull \hbox (badness 4001) in paragraph at lines 19--19
[INFO] Underfull \hbox (badness 2529) in paragraph at lines 19--19

FILE: exercices/exercice-0194-data.tex
--------------------------------------
[INFO] Overfull \hbox (1.46494pt too wide) in paragraph at lines 21--21
[INFO] Overfull \hbox (1.52011pt too wide) in paragraph at lines 21--21
[INFO] Overfull \hbox (1.46494pt too wide) in paragraph at lines 21--21
[INFO] Overfull \hbox (1.52011pt too wide) in paragraph at lines 21--21
[INFO] Overfull \hbox (1.46494pt too wide) in paragraph at lines 21--21
[INFO] Overfull \hbox (1.52011pt too wide) in paragraph at lines 21--21
[INFO] Overfull \hbox (1.46494pt too wide) in paragraph at lines 21--21
[INFO] Overfull \hbox (1.52011pt too wide) in paragraph at lines 21--21

FILE: exercices/exercice-0485-data.tex
--------------------------------------
[INFO] Overfull \hbox (9.6648pt too wide) in paragraph at lines 14--175

FILE: exercices/exercice-0487-data.tex
--------------------------------------
[INFO] Overfull \hbox (38.08821pt too wide) in paragraph at lines 13--175

FILE: exercices/exercice-0194-data.tex
--------------------------------------
[INFO] Overfull \hbox (1.46494pt too wide) in paragraph at lines 21--21
[INFO] Overfull \hbox (1.52011pt too wide) in paragraph at lines 21--21
[INFO] Overfull \hbox (1.46494pt too wide) in paragraph at lines 21--21
[INFO] Overfull \hbox (1.52011pt too wide) in paragraph at lines 21--21

FILE: enonces/definitions/droites_perpendiculaires.tex
------------------------------------------------------
[INFO] Overfull \hbox (9.97571pt too wide) in paragraph at lines 5--20
[INFO] Underfull \hbox (badness 10000) in paragraph at lines 5--20

FILE: enonces/definitions/droites_paralleles.tex
------------------------------------------------
[INFO] Overfull \hbox (9.97571pt too wide) in paragraph at lines 21--35
[INFO] Overfull \hbox (22.91563pt too wide) in paragraph at lines 53--54

FILE: exercices/exercice-0589-data.tex
--------------------------------------
[INFO] Overfull \hbox (21.92596pt too wide) in paragraph at lines 28--29

FILE: exercices/exercice-0194-data.tex
--------------------------------------
[INFO] Overfull \hbox (1.46494pt too wide) in paragraph at lines 21--21
[INFO] Overfull \hbox (1.52011pt too wide) in paragraph at lines 21--21
[INFO] Overfull \hbox (1.46494pt too wide) in paragraph at lines 21--21
[INFO] Overfull \hbox (1.52011pt too wide) in paragraph at lines 21--21
[INFO] Overfull \hbox (1.46494pt too wide) in paragraph at lines 21--21
[INFO] Overfull \hbox (1.52011pt too wide) in paragraph at lines 21--21
[INFO] Overfull \hbox (1.46494pt too wide) in paragraph at lines 21--21
[INFO] Overfull \hbox (1.52011pt too wide) in paragraph at lines 21--21

FILE: exercices/exercice-0391-data.tex
--------------------------------------
[INFO] Underfull \hbox (badness 10000) in paragraph at lines 19--19
[INFO] Underfull \hbox (badness 10000) in paragraph at lines 19--19
[INFO] Underfull \hbox (badness 10000) in paragraph at lines 19--19
[INFO] Underfull \hbox (badness 10000) in paragraph at lines 19--19

FILE: exercices/exercice-0392-data.tex
--------------------------------------
[INFO] Underfull \hbox (badness 10000) in paragraph at lines 19--19
[INFO] Underfull \hbox (badness 10000) in paragraph at lines 19--19
[INFO] Underfull \hbox (badness 10000) in paragraph at lines 19--19
[INFO] Underfull \hbox (badness 10000) in paragraph at lines 19--19

FILE: exercices/exercice-0393-data.tex
--------------------------------------
[INFO] Underfull \hbox (badness 10000) in paragraph at lines 18--18
[INFO] Underfull \hbox (badness 10000) in paragraph at lines 18--18
[INFO] Underfull \hbox (badness 10000) in paragraph at lines 18--18
[INFO] Underfull \hbox (badness 10000) in paragraph at lines 18--18

FILE: exercices/exercice-0458-data.tex
--------------------------------------
[INFO] Underfull \hbox (badness 2197) in paragraph at lines 11--12
[INFO] Underfull \hbox (badness 1043) in paragraph at lines 11--12

FILE: exercices/exercice-0457-data.tex
--------------------------------------
[INFO] Underfull \hbox (badness 2065) in paragraph at lines 13--14
[INFO] Underfull \hbox (badness 1540) in paragraph at lines 13--14
[INFO] Underfull \hbox (badness 10000) in paragraph at lines 352--352
[INFO] Overfull \vbox (5.01883pt too high) has occurred while \output is active []

FILE: exercices/exercice-0317-data.tex
--------------------------------------
[INFO] Overfull \hbox (23.67963pt too wide) in paragraph at lines 21--397

FILE: exercices/exercice-0556-data.tex
--------------------------------------
[INFO] Overfull \hbox (10.46881pt too wide) in paragraph at lines 11--500

FILE: exercices/exercice-0329-data.tex
--------------------------------------
[INFO] Overfull \hbox (2.94012pt too wide) in paragraph at lines 23--500

FILE: exercices/exercice-0115-data.tex
--------------------------------------
[INFO] Overfull \hbox (2.2304pt too wide) in paragraph at lines 576--576

FILE: exercices/exercice-0116-data.tex
--------------------------------------
[INFO] Overfull \hbox (2.2304pt too wide) in paragraph at lines 576--576

FILE: exercices/exercice-0118-data.tex
--------------------------------------
[INFO] Overfull \hbox (2.2304pt too wide) in paragraph at lines 576--576

FILE: exercices/exercice-0115-data.tex
--------------------------------------
[INFO] Overfull \hbox (2.2304pt too wide) in paragraph at lines 576--576

FILE: exercices/exercice-0116-data.tex
--------------------------------------
[INFO] Overfull \hbox (2.2304pt too wide) in paragraph at lines 576--576

FILE: exercices/exercice-0118-data.tex
--------------------------------------
[INFO] Overfull \hbox (2.2304pt too wide) in paragraph at lines 576--576

FILE: exercices/exercice-0116-data.tex
--------------------------------------
[INFO] Overfull \hbox (2.2304pt too wide) in paragraph at lines 576--576

FILE: exercices/exercice-0115-data.tex
--------------------------------------
[INFO] Overfull \hbox (2.2304pt too wide) in paragraph at lines 576--576

FILE: cours/6e-Organisation_et_gestion_de_donnees.tex
-----------------------------------------------------
[INFO] Overfull \hbox (15.0pt too wide) in paragraph at lines 591--591

FILE: exercices/exercice-0372-data.tex
--------------------------------------
[INFO] Overfull \hbox (30.42131pt too wide) in paragraph at lines 669--669
[INFO] Underfull \hbox (badness 10000) in paragraph at lines 669--669

FILE: exercices/exercice-0563-data.tex
--------------------------------------
[INFO] Underfull \hbox (badness 10000) in paragraph at lines 11--713

FILE: activites/activite-introduction_calcul_litteral-1.tex
-----------------------------------------------------------
[INFO] Overfull \hbox (10.15135pt too wide) in paragraph at lines 24--24
[INFO] Overfull \hbox (10.15135pt too wide) in paragraph at lines 24--24

FILE: exercices/exercice-0490-data.tex
--------------------------------------
[INFO] Overfull \hbox (2.2222pt too wide) in paragraph at lines 11--801

FILE: exercices/exercice-0477-data.tex
--------------------------------------
[INFO] Underfull \hbox (badness 10000) in paragraph at lines 10--801

FILE: exercices/exercice-0490-data.tex
--------------------------------------
[INFO] Overfull \hbox (17.22221pt too wide) in paragraph at lines 11--801

FILE: enonces/definitions/demontrer.tex
---------------------------------------
[INFO] Overfull \hbox (15.0pt too wide) in paragraph at lines 19--20
[INFO] Underfull \hbox (badness 10000) in paragraph at lines 19--20

FILE: exercices/exercice-0673-data.tex
--------------------------------------
[INFO] Underfull \hbox (badness 1264) in paragraph at lines 19--20

FILE: exercices/exercice-0674-data.tex
--------------------------------------
[INFO] Underfull \hbox (badness 1264) in paragraph at lines 20--21

FILE: exercices/exercice-0501-data.tex
--------------------------------------
[INFO] Underfull \hbox (badness 3439) in paragraph at lines 11--13
[INFO] Underfull \hbox (badness 1776) in paragraph at lines 11--13
[INFO] Underfull \hbox (badness 3000) in paragraph at lines 11--13
[INFO] Underfull \hbox (badness 1320) in paragraph at lines 11--13

FILE: exercices/exercice-0389-data.tex
--------------------------------------
[INFO] Overfull \hbox (94.38145pt too wide) in paragraph at lines 877--22

FILE: exercices/exercice-0391-data.tex
--------------------------------------
[INFO] Underfull \hbox (badness 10000) in paragraph at lines 19--19
[INFO] Underfull \hbox (badness 10000) in paragraph at lines 19--19
[INFO] Underfull \hbox (badness 10000) in paragraph at lines 19--19
[INFO] Underfull \hbox (badness 10000) in paragraph at lines 19--19

FILE: exercices/exercice-0392-data.tex
--------------------------------------
[INFO] Underfull \hbox (badness 10000) in paragraph at lines 19--19
[INFO] Underfull \hbox (badness 10000) in paragraph at lines 19--19
[INFO] Underfull \hbox (badness 10000) in paragraph at lines 19--19
[INFO] Underfull \hbox (badness 10000) in paragraph at lines 19--19

FILE: exercices/exercice-0393-data.tex
--------------------------------------
[INFO] Underfull \hbox (badness 10000) in paragraph at lines 18--18
[INFO] Underfull \hbox (badness 10000) in paragraph at lines 18--18
[INFO] Underfull \hbox (badness 10000) in paragraph at lines 18--18
[INFO] Underfull \hbox (badness 10000) in paragraph at lines 18--18

FILE: exercices/exercice-0422-data.tex
--------------------------------------
[INFO] Underfull \hbox (badness 10000) detected at line 19
[INFO] Underfull \hbox (badness 10000) detected at line 30
[INFO] Underfull \hbox (badness 10000) detected at line 19
[INFO] Underfull \hbox (badness 10000) detected at line 30
[INFO] Underfull \hbox (badness 10000) detected at line 19
[INFO] Underfull \hbox (badness 10000) detected at line 30

FILE: exercices/exercice-0504-data.tex
--------------------------------------
[INFO] Underfull \hbox (badness 10000) in paragraph at lines 26--910

FILE: exercices/exercice-0507-data.tex
--------------------------------------
[INFO] Underfull \hbox (badness 7064) in paragraph at lines 11--13
[INFO] Underfull \hbox (badness 1412) in paragraph at lines 14--15
[INFO] Underfull \hbox (badness 10000) in paragraph at lines 14--15

FILE: exercices/exercice-0563-data.tex
--------------------------------------
[INFO] Underfull \hbox (badness 10000) in paragraph at lines 11--996

FILE: exercices/exercice-0595-data.tex
--------------------------------------
[INFO] Overfull \hbox (10.61522pt too wide) in paragraph at lines 1018--1018

FILE: exercices/exercice-0596-data.tex
--------------------------------------
[INFO] Overfull \hbox (53.37904pt too wide) in paragraph at lines 1018--1018

FILE: exercices/exercice-0598-data.tex
--------------------------------------
[INFO] Overfull \hbox (17.69865pt too wide) in paragraph at lines 1018--1018

FILE: exercices/exercice-0667-data.tex
--------------------------------------
[INFO] Overfull \hbox (1.77776pt too wide) in paragraph at lines 21--21
[INFO] Overfull \hbox (1.77776pt too wide) in paragraph at lines 21--21

FILE: exercices/exercice-0251-data.tex
--------------------------------------
[INFO] Underfull \hbox (badness 10000) in paragraph at lines 23--25

FILE: exercices/exercice-0252-data.tex
--------------------------------------
[INFO] Underfull \hbox (badness 3396) in paragraph at lines 1202--14

FILE: exercices/exercice-0282-data.tex
--------------------------------------
[INFO] Overfull \hbox (14.99178pt too wide) in paragraph at lines 11--26